C:\USERS\M_GIUL\DESKTOP\CONSOLEAPPLICATION1\CONSOLEAPPLICATION1\DEBUG\ANIMATEMAN2.OBJ
C:\USERS\M_GIUL\DESKTOP\CONSOLEAPPLICATION1\CONSOLEAPPLICATION1\DEBUG\VC110.PDB
C:\USERS\M_GIUL\DESKTOP\CONSOLEAPPLICATION1\DEBUG\CONSOLEAPPLICATION1.ILK
C:\USERS\M_GIUL\DESKTOP\CONSOLEAPPLICATION1\DEBUG\CONSOLEAPPLICATION1.EXE
C:\USERS\M_GIUL\DESKTOP\CONSOLEAPPLICATION1\DEBUG\CONSOLEAPPLICATION1.PDB
C:\Users\m_giul\Desktop\COMP371_Project\ConsoleApplication1\Debug\animateMan2.obj
C:\Users\m_giul\Desktop\COMP371_Project\ConsoleApplication1\Debug\cl.command.1.tlog
C:\Users\m_giul\Desktop\COMP371_Project\ConsoleApplication1\Debug\CL.read.1.tlog
C:\Users\m_giul\Desktop\COMP371_Project\ConsoleApplication1\Debug\CL.write.1.tlog
C:\Users\m_giul\Desktop\COMP371_Project\ConsoleApplication1\Debug\link-cvtres.read.1.tlog
C:\Users\m_giul\Desktop\COMP371_Project\ConsoleApplication1\Debug\link-cvtres.write.1.tlog
C:\Users\m_giul\Desktop\COMP371_Project\ConsoleApplication1\Debug\link-rc.read.1.tlog
C:\Users\m_giul\Desktop\COMP371_Project\ConsoleApplication1\Debug\link-rc.write.1.tlog
C:\Users\m_giul\Desktop\COMP371_Project\ConsoleApplication1\Debug\link.command.1.tlog
C:\Users\m_giul\Desktop\COMP371_Project\ConsoleApplication1\Debug\link.read.1.tlog
C:\Users\m_giul\Desktop\COMP371_Project\ConsoleApplication1\Debug\link.write.1.tlog
C:\Users\m_giul\Desktop\COMP371_Project\ConsoleApplication1\Debug\vc110.idb
C:\Users\m_giul\Desktop\COMP371_Project\ConsoleApplication1\Debug\vc110.pdb
C:\Users\m_giul\Desktop\COMP371_Project\Debug\ConsoleApplication1.pdb
C:\Users\m_giul\Desktop\COMP371_Project\Debug\ConsoleApplication1.exe
C:\Users\m_giul\Desktop\COMP371_Project\Debug\ConsoleApplication1.ilk
