C:\USERS\MATTEO\DOCUMENTS\COMP371GROUPPROJECT\COMP371GROUPPROJECT\DEBUG\IMAGELOADER.OBJ
C:\USERS\MATTEO\DOCUMENTS\COMP371GROUPPROJECT\COMP371GROUPPROJECT\DEBUG\MAIN.OBJ
C:\USERS\MATTEO\DOCUMENTS\COMP371GROUPPROJECT\COMP371GROUPPROJECT\DEBUG\MD2MODEL.OBJ
C:\USERS\MATTEO\DOCUMENTS\COMP371GROUPPROJECT\COMP371GROUPPROJECT\DEBUG\VEC3F.OBJ
C:\USERS\MATTEO\DOCUMENTS\COMP371GROUPPROJECT\COMP371GROUPPROJECT\DEBUG\VC110.PDB
C:\USERS\MATTEO\DOCUMENTS\COMP371GROUPPROJECT\DEBUG\COMP371GROUPPROJECT.ILK
C:\USERS\MATTEO\DOCUMENTS\COMP371GROUPPROJECT\DEBUG\COMP371GROUPPROJECT.EXE
C:\USERS\MATTEO\DOCUMENTS\COMP371GROUPPROJECT\DEBUG\COMP371GROUPPROJECT.PDB
C:\Users\Matteo\Documents\COMP371GroupProject\COMP371GroupProject\Debug\imageloader.obj
C:\Users\Matteo\Documents\COMP371GroupProject\COMP371GroupProject\Debug\main.obj
C:\Users\Matteo\Documents\COMP371GroupProject\COMP371GroupProject\Debug\md2model.obj
C:\Users\Matteo\Documents\COMP371GroupProject\COMP371GroupProject\Debug\vec3f.obj
C:\Users\Matteo\Documents\COMP371GroupProject\COMP371GroupProject\Debug\cl.command.1.tlog
C:\Users\Matteo\Documents\COMP371GroupProject\COMP371GroupProject\Debug\CL.read.1.tlog
C:\Users\Matteo\Documents\COMP371GroupProject\COMP371GroupProject\Debug\CL.write.1.tlog
C:\Users\Matteo\Documents\COMP371GroupProject\COMP371GroupProject\Debug\link-cvtres.read.1.tlog
C:\Users\Matteo\Documents\COMP371GroupProject\COMP371GroupProject\Debug\link-cvtres.write.1.tlog
C:\Users\Matteo\Documents\COMP371GroupProject\COMP371GroupProject\Debug\link-rc.read.1.tlog
C:\Users\Matteo\Documents\COMP371GroupProject\COMP371GroupProject\Debug\link-rc.write.1.tlog
C:\Users\Matteo\Documents\COMP371GroupProject\COMP371GroupProject\Debug\link.command.1.tlog
C:\Users\Matteo\Documents\COMP371GroupProject\COMP371GroupProject\Debug\link.read.1.tlog
C:\Users\Matteo\Documents\COMP371GroupProject\COMP371GroupProject\Debug\link.write.1.tlog
C:\Users\Matteo\Documents\COMP371GroupProject\COMP371GroupProject\Debug\vc110.idb
C:\Users\Matteo\Documents\COMP371GroupProject\COMP371GroupProject\Debug\vc110.pdb
C:\Users\Matteo\Documents\COMP371GroupProject\Debug\COMP371GroupProject.pdb
C:\Users\Matteo\Documents\COMP371GroupProject\Debug\COMP371GroupProject.exe
C:\Users\Matteo\Documents\COMP371GroupProject\Debug\COMP371GroupProject.ilk
